<?xml version="1.0" encoding="UTF-8"?>
<!-- Generated by org.testng.reporters.JUnitReportReporter -->
<testsuite hostname="DESKTOP-6SF9HCC" failures="0" tests="1" name="com.scripts.actitime.TestActitimeLogin" time="24.529" errors="0" timestamp="14 Jul 2020 11:18:25 GMT" skipped="0">
  <testcase classname="com.scripts.actitime.TestActitimeLogin" name="login" time="24.529"/>
</testsuite> <!-- com.scripts.actitime.TestActitimeLogin -->
